[debug] [2022-07-19T21:25:19.035Z] ----------------------------------------------------------------------
[debug] [2022-07-19T21:25:19.039Z] Command:       C:\Program Files\nodejs\node.exe C:\Users\SOLO\AppData\Roaming\npm\node_modules\firebase-tools\lib\bin\firebase.js init
[debug] [2022-07-19T21:25:19.040Z] CLI Version:   10.0.1
[debug] [2022-07-19T21:25:19.041Z] Platform:      win32
[debug] [2022-07-19T21:25:19.041Z] Node Version:  v16.13.1
[debug] [2022-07-19T21:25:20.803Z] Time:          Wed Jul 20 2022 00:25:19 GMT+0300 (East Africa Time)
[debug] [2022-07-19T21:25:20.804Z] ----------------------------------------------------------------------
[debug] 
[debug] [2022-07-19T21:25:20.873Z] >>> [apiv2][query] GET https://firebase-public.firebaseio.com/cli.json [none]
[debug] [2022-07-19T21:25:21.257Z] > command requires scopes: ["email","openid","https://www.googleapis.com/auth/cloudplatformprojects.readonly","https://www.googleapis.com/auth/firebase","https://www.googleapis.com/auth/cloud-platform"]
[debug] [2022-07-19T21:25:21.258Z] > authorizing via signed-in user (githirasolomon@gmail.com)
[info] 
     ######## #### ########  ######## ########     ###     ######  ########
     ##        ##  ##     ## ##       ##     ##  ##   ##  ##       ##
     ######    ##  ########  ######   ########  #########  ######  ######
     ##        ##  ##    ##  ##       ##     ## ##     ##       ## ##
     ##       #### ##     ## ######## ########  ##     ##  ######  ########

You're about to initialize a Firebase project in this directory:

  C:\Users\SOLO\Desktop\current-bank-logs.com\legit-logstore.com

[debug] [2022-07-19T21:25:22.681Z] <<< [apiv2][status] GET https://firebase-public.firebaseio.com/cli.json 200
[debug] [2022-07-19T21:25:22.681Z] <<< [apiv2][body] GET https://firebase-public.firebaseio.com/cli.json {"cloudBuildErrorAfter":1594252800000,"cloudBuildWarnAfter":1590019200000,"defaultNode10After":1594252800000,"minVersion":"3.0.5","node8DeploysDisabledAfter":1613390400000,"node8RuntimeDisabledAfter":1615809600000,"node8WarnAfter":1600128000000}
[info] 
=== Account Setup
[info] 
[info] Which account do you want to use for this project? Choose an account or add a new one now
[info] 
[debug] [2022-07-19T21:25:31.986Z] setProjectAccount(C:\Users\SOLO\Desktop\current-bank-logs.com\legit-logstore.com, githirasolomon@gmail.com)
[info] 
[info] +  Using account: githirasolomon@gmail.com 
[info] 
=== Project Setup
[info] 
[info] First, let's associate this project directory with a Firebase project.
[info] You can create multiple project aliases by running firebase use --add, 
[info] but for now we'll just set up a default project.
[info] 
